This file contains any messages produced by compilers while
running configure, to aid debugging if configure makes a mistake.

It was created by plonk configure 1.00, which was
generated by GNU Autoconf 2.71.  Invocation command line was

  $ ./configure --no-create --no-recursion

## --------- ##
## Platform. ##
## --------- ##

hostname = archlinux
uname -m = x86_64
uname -r = 5.19.12-arch1-1
uname -s = Linux
uname -v = #1 SMP PREEMPT_DYNAMIC Wed, 28 Sep 2022 13:21:25 +0000

/usr/bin/uname -p = unknown
/bin/uname -X     = unknown

/bin/arch              = unknown
/usr/bin/arch -k       = unknown
/usr/convex/getsysinfo = unknown
/usr/bin/hostinfo      = unknown
/bin/machine           = unknown
/usr/bin/oslevel       = unknown
/bin/universe          = unknown

PATH: /home/adam/.nvm/versions/node/v14.15.1/bin/
PATH: /home/adam/perl5/bin/
PATH: /home/adam/malm/node_modules/.bin/
PATH: /home/adam/.local/bin/
PATH: /home/adam/.rvm/gems/ruby-2.5.0/bin/
PATH: /home/adam/.rvm/gems/ruby-2.5.0@global/bin/
PATH: /home/adam/.rvm/rubies/ruby-2.5.0/bin/
PATH: /home/adam/malm/node_modules/.bin/
PATH: /home/adam/.local/bin/
PATH: /sbin/
PATH: /bin/
PATH: /usr/local/sbin/
PATH: /usr/local/bin/
PATH: /usr/bin/
PATH: /usr/sbin/
PATH: /opt/cuda/bin/
PATH: /opt/cuda/nsight_compute/
PATH: /opt/cuda/nsight_systems/bin/
PATH: /usr/lib/jvm/default/bin/
PATH: /usr/bin/site_perl/
PATH: /usr/bin/vendor_perl/
PATH: /usr/bin/core_perl/
PATH: /home/adam/.rvm/bin/
PATH: /home/adam/.rvm/bin/
PATH: /home/adam/.gem/ruby/2.7.0/bin/


## ----------- ##
## Core tests. ##
## ----------- ##

configure:2783: looking for aux files: compile config.guess config.sub ltmain.sh missing install-sh
configure:2796:  trying ./
configure:2825:   ./compile found
configure:2825:   ./config.guess found
configure:2825:   ./config.sub found
configure:2825:   ./ltmain.sh found
configure:2825:   ./missing found
configure:2807:   ./install-sh found
configure:2954: checking for a BSD-compatible install
configure:3027: result: /bin/install -c
configure:3038: checking whether build environment is sane
configure:3093: result: yes
configure:3252: checking for a race-free mkdir -p
configure:3296: result: /sbin/mkdir -p
configure:3303: checking for gawk
configure:3324: found /sbin/gawk
configure:3335: result: gawk
configure:3346: checking whether make sets $(MAKE)
configure:3369: result: yes
configure:3399: checking whether make supports nested variables
configure:3417: result: yes
configure:3628: checking for g++
configure:3649: found /sbin/g++
configure:3660: result: g++
configure:3687: checking for C++ compiler version
configure:3696: g++ --version >&5
g++ (GCC) 12.2.0
Copyright (C) 2022 Free Software Foundation, Inc.
This is free software; see the source for copying conditions.  There is NO
warranty; not even for MERCHANTABILITY or FITNESS FOR A PARTICULAR PURPOSE.

configure:3707: $? = 0
configure:3696: g++ -v >&5
Using built-in specs.
COLLECT_GCC=g++
COLLECT_LTO_WRAPPER=/usr/lib/gcc/x86_64-pc-linux-gnu/12.2.0/lto-wrapper
Target: x86_64-pc-linux-gnu
Configured with: /build/gcc/src/gcc/configure --enable-languages=c,c++,ada,fortran,go,lto,objc,obj-c++,d --enable-bootstrap --prefix=/usr --libdir=/usr/lib --libexecdir=/usr/lib --mandir=/usr/share/man --infodir=/usr/share/info --with-bugurl=https://bugs.archlinux.org/ --with-build-config=bootstrap-lto --with-linker-hash-style=gnu --with-system-zlib --enable-__cxa_atexit --enable-cet=auto --enable-checking=release --enable-clocale=gnu --enable-default-pie --enable-default-ssp --enable-gnu-indirect-function --enable-gnu-unique-object --enable-libstdcxx-backtrace --enable-link-serialization=1 --enable-linker-build-id --enable-lto --enable-multilib --enable-plugin --enable-shared --enable-threads=posix --disable-libssp --disable-libstdcxx-pch --disable-werror
Thread model: posix
Supported LTO compression algorithms: zlib zstd
gcc version 12.2.0 (GCC) 
configure:3707: $? = 0
configure:3696: g++ -V >&5
g++: error: unrecognized command-line option '-V'
g++: fatal error: no input files
compilation terminated.
configure:3707: $? = 1
configure:3696: g++ -qversion >&5
g++: error: unrecognized command-line option '-qversion'; did you mean '--version'?
g++: fatal error: no input files
compilation terminated.
configure:3707: $? = 1
configure:3727: checking whether the C++ compiler works
configure:3749: g++    conftest.cpp  >&5
configure:3753: $? = 0
configure:3803: result: yes
configure:3806: checking for C++ compiler default output file name
configure:3808: result: a.out
configure:3814: checking for suffix of executables
configure:3821: g++ -o conftest    conftest.cpp  >&5
configure:3825: $? = 0
configure:3848: result: 
configure:3870: checking whether we are cross compiling
configure:3878: g++ -o conftest    conftest.cpp  >&5
configure:3882: $? = 0
configure:3889: ./conftest
configure:3893: $? = 0
configure:3908: result: no
configure:3913: checking for suffix of object files
configure:3936: g++ -c   conftest.cpp >&5
configure:3940: $? = 0
configure:3962: result: o
configure:3966: checking whether the compiler supports GNU C++
configure:3986: g++ -c   conftest.cpp >&5
configure:3986: $? = 0
configure:3996: result: yes
configure:4007: checking whether g++ accepts -g
configure:4028: g++ -c -g  conftest.cpp >&5
configure:4028: $? = 0
configure:4072: result: yes
configure:4092: checking for g++ option to enable C++11 features
configure:4107: g++  -c -g -O2  conftest.cpp >&5
conftest.cpp: In function 'int main(int, char**)':
conftest.cpp:177:25: warning: empty parentheses were disambiguated as a function declaration [-Wvexing-parse]
  177 |   cxx11test::delegate d2();
      |                         ^~
conftest.cpp:177:25: note: remove parentheses to default-initialize a variable
  177 |   cxx11test::delegate d2();
      |                         ^~
      |                         --
conftest.cpp:177:25: note: or replace parentheses with braces to value-initialize a variable
configure:4107: $? = 0
configure:4125: result: none needed
configure:4192: checking whether make supports the include directive
configure:4207: make -f confmf.GNU && cat confinc.out
make[1]: Entering directory '/home/adam/Plonk'
make[1]: Leaving directory '/home/adam/Plonk'
this is the am__doit target
configure:4210: $? = 0
configure:4229: result: yes (GNU style)
configure:4255: checking dependency style of g++
configure:4367: result: gcc3
configure:4414: checking build system type
configure:4429: result: x86_64-pc-linux-gnu
configure:4449: checking host system type
configure:4463: result: x86_64-pc-linux-gnu
configure:4504: checking how to print strings
configure:4531: result: printf
configure:4614: checking for gcc
configure:4635: found /sbin/gcc
configure:4646: result: gcc
configure:4999: checking for C compiler version
configure:5008: gcc --version >&5
gcc (GCC) 12.2.0
Copyright (C) 2022 Free Software Foundation, Inc.
This is free software; see the source for copying conditions.  There is NO
warranty; not even for MERCHANTABILITY or FITNESS FOR A PARTICULAR PURPOSE.

configure:5019: $? = 0
configure:5008: gcc -v >&5
Using built-in specs.
COLLECT_GCC=gcc
COLLECT_LTO_WRAPPER=/usr/lib/gcc/x86_64-pc-linux-gnu/12.2.0/lto-wrapper
Target: x86_64-pc-linux-gnu
Configured with: /build/gcc/src/gcc/configure --enable-languages=c,c++,ada,fortran,go,lto,objc,obj-c++,d --enable-bootstrap --prefix=/usr --libdir=/usr/lib --libexecdir=/usr/lib --mandir=/usr/share/man --infodir=/usr/share/info --with-bugurl=https://bugs.archlinux.org/ --with-build-config=bootstrap-lto --with-linker-hash-style=gnu --with-system-zlib --enable-__cxa_atexit --enable-cet=auto --enable-checking=release --enable-clocale=gnu --enable-default-pie --enable-default-ssp --enable-gnu-indirect-function --enable-gnu-unique-object --enable-libstdcxx-backtrace --enable-link-serialization=1 --enable-linker-build-id --enable-lto --enable-multilib --enable-plugin --enable-shared --enable-threads=posix --disable-libssp --disable-libstdcxx-pch --disable-werror
Thread model: posix
Supported LTO compression algorithms: zlib zstd
gcc version 12.2.0 (GCC) 
configure:5019: $? = 0
configure:5008: gcc -V >&5
gcc: error: unrecognized command-line option '-V'
gcc: fatal error: no input files
compilation terminated.
configure:5019: $? = 1
configure:5008: gcc -qversion >&5
gcc: error: unrecognized command-line option '-qversion'; did you mean '--version'?
gcc: fatal error: no input files
compilation terminated.
configure:5019: $? = 1
configure:5008: gcc -version >&5
gcc: error: unrecognized command-line option '-version'
gcc: fatal error: no input files
compilation terminated.
configure:5019: $? = 1
configure:5023: checking whether the compiler supports GNU C
configure:5043: gcc -c   conftest.c >&5
configure:5043: $? = 0
configure:5053: result: yes
configure:5064: checking whether gcc accepts -g
configure:5085: gcc -c -g  conftest.c >&5
configure:5085: $? = 0
configure:5129: result: yes
configure:5149: checking for gcc option to enable C11 features
configure:5164: gcc  -c -g -O2  conftest.c >&5
configure:5164: $? = 0
configure:5182: result: none needed
configure:5298: checking whether gcc understands -c and -o together
configure:5321: gcc -c conftest.c -o conftest2.o
configure:5324: $? = 0
configure:5321: gcc -c conftest.c -o conftest2.o
configure:5324: $? = 0
configure:5336: result: yes
configure:5355: checking dependency style of gcc
configure:5467: result: gcc3
configure:5482: checking for a sed that does not truncate output
configure:5552: result: /sbin/sed
configure:5570: checking for grep that handles long lines and -e
configure:5634: result: /sbin/grep
configure:5639: checking for egrep
configure:5707: result: /sbin/grep -E
configure:5712: checking for fgrep
configure:5780: result: /sbin/grep -F
configure:5816: checking for ld used by gcc
configure:5884: result: /sbin/ld
configure:5891: checking if the linker (/sbin/ld) is GNU ld
configure:5907: result: yes
configure:5919: checking for BSD- or MS-compatible name lister (nm)
configure:5974: result: /sbin/nm -B
configure:6114: checking the name lister (/sbin/nm -B) interface
configure:6122: gcc -c -g -O2  conftest.c >&5
configure:6125: /sbin/nm -B "conftest.o"
configure:6128: output
0000000000000000 B some_variable
configure:6135: result: BSD nm
configure:6138: checking whether ln -s works
configure:6142: result: yes
configure:6150: checking the maximum length of command line arguments
configure:6282: result: 1572864
configure:6330: checking how to convert x86_64-pc-linux-gnu file names to x86_64-pc-linux-gnu format
configure:6371: result: func_convert_file_noop
configure:6378: checking how to convert x86_64-pc-linux-gnu file names to toolchain format
configure:6399: result: func_convert_file_noop
configure:6406: checking for /sbin/ld option to reload object files
configure:6414: result: -r
configure:6493: checking for file
configure:6514: found /sbin/file
configure:6525: result: file
configure:6601: checking for objdump
configure:6622: found /sbin/objdump
configure:6633: result: objdump
configure:6665: checking how to recognize dependent libraries
configure:6866: result: pass_all
configure:6956: checking for dlltool
configure:6991: result: no
configure:7021: checking how to associate runtime and link libraries
configure:7049: result: printf %s\n
configure:7115: checking for ar
configure:7136: found /sbin/ar
configure:7147: result: ar
configure:7200: checking for archiver @FILE support
configure:7218: gcc -c -g -O2  conftest.c >&5
configure:7218: $? = 0
configure:7222: ar cr libconftest.a @conftest.lst >&5
configure:7225: $? = 0
configure:7230: ar cr libconftest.a @conftest.lst >&5
ar: conftest.o: No such file or directory
configure:7233: $? = 1
configure:7245: result: @
configure:7308: checking for strip
configure:7329: found /sbin/strip
configure:7340: result: strip
configure:7417: checking for ranlib
configure:7438: found /sbin/ranlib
configure:7449: result: ranlib
configure:7551: checking command to parse /sbin/nm -B output from gcc object
configure:7705: gcc -c -g -O2  conftest.c >&5
configure:7708: $? = 0
configure:7712: /sbin/nm -B conftest.o \| /sbin/sed -n -e 's/^.*[ ]\([ABCDGIRSTW][ABCDGIRSTW]*\)[ ][ ]*\([_A-Za-z][_A-Za-z0-9]*\)$/\1 \2 \2/p' | /sbin/sed '/ __gnu_lto/d' \> conftest.nm
configure:7715: $? = 0
configure:7781: gcc -o conftest -g -O2   conftest.c conftstm.o >&5
configure:7784: $? = 0
configure:7822: result: ok
configure:7869: checking for sysroot
configure:7900: result: no
configure:7907: checking for a working dd
configure:7951: result: /sbin/dd
configure:7955: checking how to truncate binary pipes
configure:7971: result: /sbin/dd bs=4096 count=1
configure:8108: gcc -c -g -O2  conftest.c >&5
configure:8111: $? = 0
configure:8308: checking for mt
configure:8343: result: no
configure:8363: checking if : is a manifest tool
configure:8370: : '-?'
configure:8378: result: no
configure:9103: checking for stdio.h
configure:9103: gcc -c -g -O2  conftest.c >&5
configure:9103: $? = 0
configure:9103: result: yes
configure:9103: checking for stdlib.h
configure:9103: gcc -c -g -O2  conftest.c >&5
configure:9103: $? = 0
configure:9103: result: yes
configure:9103: checking for string.h
configure:9103: gcc -c -g -O2  conftest.c >&5
configure:9103: $? = 0
configure:9103: result: yes
configure:9103: checking for inttypes.h
configure:9103: gcc -c -g -O2  conftest.c >&5
configure:9103: $? = 0
configure:9103: result: yes
configure:9103: checking for stdint.h
configure:9103: gcc -c -g -O2  conftest.c >&5
configure:9103: $? = 0
configure:9103: result: yes
configure:9103: checking for strings.h
configure:9103: gcc -c -g -O2  conftest.c >&5
configure:9103: $? = 0
configure:9103: result: yes
configure:9103: checking for sys/stat.h
configure:9103: gcc -c -g -O2  conftest.c >&5
configure:9103: $? = 0
configure:9103: result: yes
configure:9103: checking for sys/types.h
configure:9103: gcc -c -g -O2  conftest.c >&5
configure:9103: $? = 0
configure:9103: result: yes
configure:9103: checking for unistd.h
configure:9103: gcc -c -g -O2  conftest.c >&5
configure:9103: $? = 0
configure:9103: result: yes
configure:9128: checking for dlfcn.h
configure:9128: gcc -c -g -O2  conftest.c >&5
configure:9128: $? = 0
configure:9128: result: yes
configure:9398: checking for objdir
configure:9414: result: .libs
configure:9678: checking if gcc supports -fno-rtti -fno-exceptions
configure:9697: gcc -c -g -O2  -fno-rtti -fno-exceptions conftest.c >&5
cc1: warning: command-line option '-fno-rtti' is valid for C++/D/ObjC++ but not for C
configure:9701: $? = 0
configure:9714: result: no
configure:10072: checking for gcc option to produce PIC
configure:10080: result: -fPIC -DPIC
configure:10088: checking if gcc PIC flag -fPIC -DPIC works
configure:10107: gcc -c -g -O2  -fPIC -DPIC -DPIC conftest.c >&5
configure:10111: $? = 0
configure:10124: result: yes
configure:10153: checking if gcc static flag -static works
configure:10182: result: yes
configure:10197: checking if gcc supports -c -o file.o
configure:10219: gcc -c -g -O2  -o out/conftest2.o conftest.c >&5
configure:10223: $? = 0
configure:10245: result: yes
configure:10253: checking if gcc supports -c -o file.o
configure:10301: result: yes
configure:10334: checking whether the gcc linker (/sbin/ld -m elf_x86_64) supports shared libraries
configure:11602: result: yes
configure:11639: checking whether -lc should be explicitly linked in
configure:11648: gcc -c -g -O2  conftest.c >&5
configure:11651: $? = 0
configure:11666: gcc -shared  -fPIC -DPIC conftest.o  -v -Wl,-soname -Wl,conftest -o conftest 2\>\&1 \| /sbin/grep  -lc  \>/dev/null 2\>\&1
configure:11669: $? = 0
configure:11683: result: no
configure:11843: checking dynamic linker characteristics
configure:12425: gcc -o conftest -g -O2   -Wl,-rpath -Wl,/foo conftest.c  >&5
configure:12425: $? = 0
configure:12664: result: GNU/Linux ld.so
configure:12786: checking how to hardcode library paths into programs
configure:12811: result: immediate
configure:13363: checking whether stripping libraries is possible
configure:13372: result: yes
configure:13414: checking if libtool supports shared libraries
configure:13416: result: yes
configure:13419: checking whether to build shared libraries
configure:13444: result: yes
configure:13447: checking whether to build static libraries
configure:13451: result: yes
configure:13474: checking how to run the C++ preprocessor
configure:13496: g++ -E  conftest.cpp
configure:13496: $? = 0
configure:13511: g++ -E  conftest.cpp
conftest.cpp:23:10: fatal error: ac_nonexistent.h: No such file or directory
   23 | #include <ac_nonexistent.h>
      |          ^~~~~~~~~~~~~~~~~~
compilation terminated.
configure:13511: $? = 1
configure: failed program was:
| /* confdefs.h */
| #define PACKAGE_NAME "plonk"
| #define PACKAGE_TARNAME "plonk"
| #define PACKAGE_VERSION "1.00"
| #define PACKAGE_STRING "plonk 1.00"
| #define PACKAGE_BUGREPORT "aj_barber@yahoo.com.au"
| #define PACKAGE_URL ""
| #define PACKAGE "plonk"
| #define VERSION "1.0"
| #define HAVE_STDIO_H 1
| #define HAVE_STDLIB_H 1
| #define HAVE_STRING_H 1
| #define HAVE_INTTYPES_H 1
| #define HAVE_STDINT_H 1
| #define HAVE_STRINGS_H 1
| #define HAVE_SYS_STAT_H 1
| #define HAVE_SYS_TYPES_H 1
| #define HAVE_UNISTD_H 1
| #define STDC_HEADERS 1
| #define HAVE_DLFCN_H 1
| #define LT_OBJDIR ".libs/"
| /* end confdefs.h.  */
| #include <ac_nonexistent.h>
configure:13538: result: g++ -E
configure:13552: g++ -E  conftest.cpp
configure:13552: $? = 0
configure:13567: g++ -E  conftest.cpp
conftest.cpp:23:10: fatal error: ac_nonexistent.h: No such file or directory
   23 | #include <ac_nonexistent.h>
      |          ^~~~~~~~~~~~~~~~~~
compilation terminated.
configure:13567: $? = 1
configure: failed program was:
| /* confdefs.h */
| #define PACKAGE_NAME "plonk"
| #define PACKAGE_TARNAME "plonk"
| #define PACKAGE_VERSION "1.00"
| #define PACKAGE_STRING "plonk 1.00"
| #define PACKAGE_BUGREPORT "aj_barber@yahoo.com.au"
| #define PACKAGE_URL ""
| #define PACKAGE "plonk"
| #define VERSION "1.0"
| #define HAVE_STDIO_H 1
| #define HAVE_STDLIB_H 1
| #define HAVE_STRING_H 1
| #define HAVE_INTTYPES_H 1
| #define HAVE_STDINT_H 1
| #define HAVE_STRINGS_H 1
| #define HAVE_SYS_STAT_H 1
| #define HAVE_SYS_TYPES_H 1
| #define HAVE_UNISTD_H 1
| #define STDC_HEADERS 1
| #define HAVE_DLFCN_H 1
| #define LT_OBJDIR ".libs/"
| /* end confdefs.h.  */
| #include <ac_nonexistent.h>
configure:13732: checking for ld used by g++
configure:13800: result: /sbin/ld -m elf_x86_64
configure:13807: checking if the linker (/sbin/ld -m elf_x86_64) is GNU ld
configure:13823: result: yes
configure:13878: checking whether the g++ linker (/sbin/ld -m elf_x86_64) supports shared libraries
configure:14956: result: yes
configure:14992: g++ -c -g -O2  conftest.cpp >&5
configure:14995: $? = 0
configure:15476: checking for g++ option to produce PIC
configure:15484: result: -fPIC -DPIC
configure:15492: checking if g++ PIC flag -fPIC -DPIC works
configure:15511: g++ -c -g -O2  -fPIC -DPIC -DPIC conftest.cpp >&5
configure:15515: $? = 0
configure:15528: result: yes
configure:15551: checking if g++ static flag -static works
configure:15580: result: yes
configure:15592: checking if g++ supports -c -o file.o
configure:15614: g++ -c -g -O2  -o out/conftest2.o conftest.cpp >&5
configure:15618: $? = 0
configure:15640: result: yes
configure:15645: checking if g++ supports -c -o file.o
configure:15693: result: yes
configure:15723: checking whether the g++ linker (/sbin/ld -m elf_x86_64) supports shared libraries
configure:15763: result: yes
configure:15905: checking dynamic linker characteristics
configure:16653: result: GNU/Linux ld.so
configure:16718: checking how to hardcode library paths into programs
configure:16743: result: immediate
configure:16866: checking for pkg-config
configure:16889: found /sbin/pkg-config
configure:16901: result: /sbin/pkg-config
configure:16926: checking pkg-config is at least version 0.9.0
configure:16929: result: yes
configure:17169: checking for pkg-config
configure:17204: result: /sbin/pkg-config
configure:17229: checking pkg-config is at least version 0.9.0
configure:17232: result: yes
configure:17242: checking for GL
configure:17249: $PKG_CONFIG --exists --print-errors "gl"
configure:17252: $? = 0
configure:17266: $PKG_CONFIG --exists --print-errors "gl"
configure:17269: $? = 0
configure:17527: result: yes
configure:17551: checking for GL/gl.h
configure:17551: gcc -c  -g -O2  conftest.c >&5
configure:17551: $? = 0
configure:17551: result: yes
configure:17579: checking for compiling a minimal OpenGL program
configure:17622: gcc -c  -g -O2  conftest.c >&5
configure:17622: $? = 0
configure:17647: result: yes
configure:17656: checking for linking a minimal OpenGL program
configure:17704: gcc -o conftest  -g -O2   conftest.c -lGL   >&5
configure:17704: $? = 0
configure:17738: result: yes
configure:18049: checking for pkg-config
configure:18084: result: /sbin/pkg-config
configure:18109: checking pkg-config is at least version 0.9.0
configure:18112: result: yes
configure:18122: checking for GLU
configure:18129: $PKG_CONFIG --exists --print-errors "glu"
configure:18132: $? = 0
configure:18146: $PKG_CONFIG --exists --print-errors "glu"
configure:18149: $? = 0
configure:18381: result: yes
configure:18509: checking for GL/glu.h
configure:18509: gcc -c   -g -O2  conftest.c >&5
configure:18509: $? = 0
configure:18509: result: yes
configure:18544: checking for compiling a minimal OpenGL Utility (GLU) program
configure:18586: gcc -c   -g -O2  conftest.c >&5
configure:18586: $? = 0
configure:18608: result: yes
configure:18615: checking for linking a minimal GLU program
configure:18662: gcc -o conftest   -g -O2   conftest.c -lGLU -lOpenGL  -lGL   >&5
configure:18662: $? = 0
configure:18689: result: yes
configure:18699: checking if GLU varargs tesselator is using non-standard form
configure:18742: g++ -c -g -O2  conftest.cpp >&5
conftest.cpp: In function 'int main()':
conftest.cpp:41:44: error: invalid conversion from 'GLvoid (*)(...)' {aka 'void (*)(...)'} to '_GLUfuncptr' {aka 'void (*)()'} [-fpermissive]
   41 | GLvoid (*func)(...); gluTessCallback(0, 0, func)
      |                                            ^~~~
      |                                            |
      |                                            GLvoid (*)(...) {aka void (*)(...)}
In file included from conftest.cpp:31:
/usr/include/GL/glu.h:336:87: note:   initializing argument 3 of 'void gluTessCallback(GLUtesselator*, GLenum, _GLUfuncptr)'
  336 | GLAPI void GLAPIENTRY gluTessCallback (GLUtesselator* tess, GLenum which, _GLUfuncptr CallBackFunc);
      |                                                                           ~~~~~~~~~~~~^~~~~~~~~~~~
configure:18742: $? = 1
configure: failed program was:
| /* confdefs.h */
| #define PACKAGE_NAME "plonk"
| #define PACKAGE_TARNAME "plonk"
| #define PACKAGE_VERSION "1.00"
| #define PACKAGE_STRING "plonk 1.00"
| #define PACKAGE_BUGREPORT "aj_barber@yahoo.com.au"
| #define PACKAGE_URL ""
| #define PACKAGE "plonk"
| #define VERSION "1.0"
| #define HAVE_STDIO_H 1
| #define HAVE_STDLIB_H 1
| #define HAVE_STRING_H 1
| #define HAVE_INTTYPES_H 1
| #define HAVE_STDINT_H 1
| #define HAVE_STRINGS_H 1
| #define HAVE_SYS_STAT_H 1
| #define HAVE_SYS_TYPES_H 1
| #define HAVE_UNISTD_H 1
| #define STDC_HEADERS 1
| #define HAVE_DLFCN_H 1
| #define LT_OBJDIR ".libs/"
| #define HAVE_GL_GL_H 1
| #define HAVE_GL 1
| #define HAVE_GL_GLU_H 1
| /* end confdefs.h.  */
| 
| # if defined(HAVE_WINDOWS_H) && defined(_WIN32)
| #   include <windows.h>
| # endif
| # ifdef HAVE_GL_GLU_H
| #   include <GL/glu.h>
| # elif defined(HAVE_OPENGL_GLU_H)
| #   include <OpenGL/glu.h>
| # else
| #   error no glu.h
| # endif
| 
| int
| main (void)
| {
| GLvoid (*func)(...); gluTessCallback(0, 0, func)
|   ;
|   return 0;
| }
| 
configure:18764: result: no
configure:18929: checking for library containing glutMainLoop
configure:18959: gcc -o conftest    -g -O2   conftest.c  -lGLU -lOpenGL  -lGL   >&5
/sbin/ld: /tmp/cc8VyFkn.o: in function `main':
/home/adam/Plonk/conftest.c:35: undefined reference to `glutMainLoop'
collect2: error: ld returned 1 exit status
configure:18959: $? = 1
configure: failed program was:
| /* confdefs.h */
| #define PACKAGE_NAME "plonk"
| #define PACKAGE_TARNAME "plonk"
| #define PACKAGE_VERSION "1.00"
| #define PACKAGE_STRING "plonk 1.00"
| #define PACKAGE_BUGREPORT "aj_barber@yahoo.com.au"
| #define PACKAGE_URL ""
| #define PACKAGE "plonk"
| #define VERSION "1.0"
| #define HAVE_STDIO_H 1
| #define HAVE_STDLIB_H 1
| #define HAVE_STRING_H 1
| #define HAVE_INTTYPES_H 1
| #define HAVE_STDINT_H 1
| #define HAVE_STRINGS_H 1
| #define HAVE_SYS_STAT_H 1
| #define HAVE_SYS_TYPES_H 1
| #define HAVE_UNISTD_H 1
| #define STDC_HEADERS 1
| #define HAVE_DLFCN_H 1
| #define LT_OBJDIR ".libs/"
| #define HAVE_GL_GL_H 1
| #define HAVE_GL 1
| #define HAVE_GL_GLU_H 1
| #define HAVE_GLU 1
| /* end confdefs.h.  */
| 
| /* Override any GCC internal prototype to avoid an error.
|    Use char because int might match the return type of a GCC
|    builtin and then its argument prototype would still apply.  */
| char glutMainLoop ();
| int
| main (void)
| {
| return glutMainLoop ();
|   ;
|   return 0;
| }
configure:18959: gcc -o conftest    -g -O2   conftest.c -lglut   -lGLU -lOpenGL  -lGL   >&5
configure:18959: $? = 0
configure:18979: result: -lglut
configure:19114: checking for GL/glut.h
configure:19114: gcc -c    -g -O2  conftest.c >&5
configure:19114: $? = 0
configure:19114: result: yes
configure:19141: checking for compiling a minimal GLUT program
configure:19182: gcc -c    -g -O2  conftest.c >&5
configure:19182: $? = 0
configure:19205: result: yes
configure:19212: checking for linking a minimal GLUT program
configure:19258: gcc -o conftest    -g -O2   conftest.c -lglut -lGLU -lOpenGL  -lGL   >&5
configure:19258: $? = 0
configure:19286: result: yes
configure:19309: checking for libpng
configure:19316: $PKG_CONFIG --exists --print-errors "libpng12"
Package libpng12 was not found in the pkg-config search path.
Perhaps you should add the directory containing `libpng12.pc'
to the PKG_CONFIG_PATH environment variable
Package 'libpng12', required by 'virtual:world', not found
configure:19319: $? = 1
configure:19333: $PKG_CONFIG --exists --print-errors "libpng12"
Package libpng12 was not found in the pkg-config search path.
Perhaps you should add the directory containing `libpng12.pc'
to the PKG_CONFIG_PATH environment variable
Package 'libpng12', required by 'virtual:world', not found
configure:19336: $? = 1
configure:19350: result: no
Package 'libpng12', required by 'virtual:world', not found
configure:19380: checking for sfml
configure:19387: $PKG_CONFIG --exists --print-errors "sfml-all"
configure:19390: $? = 0
configure:19404: $PKG_CONFIG --exists --print-errors "sfml-all"
configure:19407: $? = 0
configure:19445: result: yes
configure:19451: checking for glew
configure:19458: $PKG_CONFIG --exists --print-errors "glew"
configure:19461: $? = 0
configure:19475: $PKG_CONFIG --exists --print-errors "glew"
configure:19478: $? = 0
configure:19516: result: yes
configure:19522: checking for assimp
configure:19529: $PKG_CONFIG --exists --print-errors "assimp"
configure:19532: $? = 0
configure:19546: $PKG_CONFIG --exists --print-errors "assimp"
configure:19549: $? = 0
configure:19587: result: yes
configure:19593: checking for glm
configure:19600: $PKG_CONFIG --exists --print-errors "glm"
Package glm was not found in the pkg-config search path.
Perhaps you should add the directory containing `glm.pc'
to the PKG_CONFIG_PATH environment variable
Package 'glm', required by 'virtual:world', not found
configure:19603: $? = 1
configure:19617: $PKG_CONFIG --exists --print-errors "glm"
Package glm was not found in the pkg-config search path.
Perhaps you should add the directory containing `glm.pc'
to the PKG_CONFIG_PATH environment variable
Package 'glm', required by 'virtual:world', not found
configure:19620: $? = 1
configure:19634: result: no
Package 'glm', required by 'virtual:world', not found
configure:19664: checking for libsoil
configure:19671: $PKG_CONFIG --exists --print-errors "libsoil"
Package libsoil was not found in the pkg-config search path.
Perhaps you should add the directory containing `libsoil.pc'
to the PKG_CONFIG_PATH environment variable
Package 'libsoil', required by 'virtual:world', not found
configure:19674: $? = 1
configure:19688: $PKG_CONFIG --exists --print-errors "libsoil"
Package libsoil was not found in the pkg-config search path.
Perhaps you should add the directory containing `libsoil.pc'
to the PKG_CONFIG_PATH environment variable
Package 'libsoil', required by 'virtual:world', not found
configure:19691: $? = 1
configure:19705: result: no
Package 'libsoil', required by 'virtual:world', not found
configure:19888: checking that generated files are newer than configure
configure:19894: result: done
configure:19921: creating ./config.status

## ---------------- ##
## Cache variables. ##
## ---------------- ##

ac_cv_build=x86_64-pc-linux-gnu
ac_cv_c_compiler_gnu=yes
ac_cv_cxx_compiler_gnu=yes
ac_cv_env_CCC_set=
ac_cv_env_CCC_value=
ac_cv_env_CC_set=
ac_cv_env_CC_value=
ac_cv_env_CFLAGS_set=
ac_cv_env_CFLAGS_value=
ac_cv_env_CPPFLAGS_set=
ac_cv_env_CPPFLAGS_value=
ac_cv_env_CXXCPP_set=
ac_cv_env_CXXCPP_value=
ac_cv_env_CXXFLAGS_set=
ac_cv_env_CXXFLAGS_value=
ac_cv_env_CXX_set=
ac_cv_env_CXX_value=
ac_cv_env_GLUT_CFLAGS_set=
ac_cv_env_GLUT_CFLAGS_value=
ac_cv_env_GLUT_LIBS_set=
ac_cv_env_GLUT_LIBS_value=
ac_cv_env_GLU_CFLAGS_set=
ac_cv_env_GLU_CFLAGS_value=
ac_cv_env_GLU_LIBS_set=
ac_cv_env_GLU_LIBS_value=
ac_cv_env_GL_CFLAGS_set=
ac_cv_env_GL_CFLAGS_value=
ac_cv_env_GL_LIBS_set=
ac_cv_env_GL_LIBS_value=
ac_cv_env_LDFLAGS_set=
ac_cv_env_LDFLAGS_value=
ac_cv_env_LIBS_set=
ac_cv_env_LIBS_value=
ac_cv_env_LT_SYS_LIBRARY_PATH_set=
ac_cv_env_LT_SYS_LIBRARY_PATH_value=
ac_cv_env_PKG_CONFIG_LIBDIR_set=
ac_cv_env_PKG_CONFIG_LIBDIR_value=
ac_cv_env_PKG_CONFIG_PATH_set=
ac_cv_env_PKG_CONFIG_PATH_value=
ac_cv_env_PKG_CONFIG_set=
ac_cv_env_PKG_CONFIG_value=
ac_cv_env_assimp_CFLAGS_set=
ac_cv_env_assimp_CFLAGS_value=
ac_cv_env_assimp_LIBS_set=
ac_cv_env_assimp_LIBS_value=
ac_cv_env_build_alias_set=
ac_cv_env_build_alias_value=
ac_cv_env_glew_CFLAGS_set=
ac_cv_env_glew_CFLAGS_value=
ac_cv_env_glew_LIBS_set=
ac_cv_env_glew_LIBS_value=
ac_cv_env_glm_CFLAGS_set=
ac_cv_env_glm_CFLAGS_value=
ac_cv_env_glm_LIBS_set=
ac_cv_env_glm_LIBS_value=
ac_cv_env_host_alias_set=
ac_cv_env_host_alias_value=
ac_cv_env_libpng_CFLAGS_set=
ac_cv_env_libpng_CFLAGS_value=
ac_cv_env_libpng_LIBS_set=
ac_cv_env_libpng_LIBS_value=
ac_cv_env_libsoil_CFLAGS_set=
ac_cv_env_libsoil_CFLAGS_value=
ac_cv_env_libsoil_LIBS_set=
ac_cv_env_libsoil_LIBS_value=
ac_cv_env_sfml_CFLAGS_set=
ac_cv_env_sfml_CFLAGS_value=
ac_cv_env_sfml_LIBS_set=
ac_cv_env_sfml_LIBS_value=
ac_cv_env_target_alias_set=
ac_cv_env_target_alias_value=
ac_cv_header_GL_gl_h=yes
ac_cv_header_GL_glu_h=yes
ac_cv_header_GL_glut_h=yes
ac_cv_header_dlfcn_h=yes
ac_cv_header_inttypes_h=yes
ac_cv_header_stdint_h=yes
ac_cv_header_stdio_h=yes
ac_cv_header_stdlib_h=yes
ac_cv_header_string_h=yes
ac_cv_header_strings_h=yes
ac_cv_header_sys_stat_h=yes
ac_cv_header_sys_types_h=yes
ac_cv_header_unistd_h=yes
ac_cv_host=x86_64-pc-linux-gnu
ac_cv_objext=o
ac_cv_path_EGREP='/sbin/grep -E'
ac_cv_path_FGREP='/sbin/grep -F'
ac_cv_path_GREP=/sbin/grep
ac_cv_path_SED=/sbin/sed
ac_cv_path_ac_pt_PKG_CONFIG=/sbin/pkg-config
ac_cv_path_install='/bin/install -c'
ac_cv_path_lt_DD=/sbin/dd
ac_cv_path_mkdir=/sbin/mkdir
ac_cv_prog_AWK=gawk
ac_cv_prog_CXXCPP='g++ -E'
ac_cv_prog_ac_ct_AR=ar
ac_cv_prog_ac_ct_CC=gcc
ac_cv_prog_ac_ct_CXX=g++
ac_cv_prog_ac_ct_FILECMD=file
ac_cv_prog_ac_ct_OBJDUMP=objdump
ac_cv_prog_ac_ct_RANLIB=ranlib
ac_cv_prog_ac_ct_STRIP=strip
ac_cv_prog_cc_c11=
ac_cv_prog_cc_g=yes
ac_cv_prog_cc_stdc=
ac_cv_prog_cxx_11=no
ac_cv_prog_cxx_cxx11=
ac_cv_prog_cxx_g=yes
ac_cv_prog_cxx_stdcxx=
ac_cv_prog_make_make_set=yes
ac_cv_search_glutMainLoop=-lglut
am_cv_CC_dependencies_compiler_type=gcc3
am_cv_CXX_dependencies_compiler_type=gcc3
am_cv_make_support_nested_variables=yes
am_cv_prog_cc_c_o=yes
ax_cv_check_gl_compile_opengl=yes
ax_cv_check_gl_link_opengl=yes
ax_cv_check_glu_compile=yes
ax_cv_check_glu_link=yes
ax_cv_check_glut_compile=yes
ax_cv_check_glut_link=yes
ax_cv_varargs_glu_tesscb=no
lt_cv_ar_at_file=@
lt_cv_archive_cmds_need_lc=no
lt_cv_deplibs_check_method=pass_all
lt_cv_file_magic_cmd='$MAGIC_CMD'
lt_cv_file_magic_test_file=
lt_cv_ld_reload_flag=-r
lt_cv_nm_interface='BSD nm'
lt_cv_objdir=.libs
lt_cv_path_LD=/sbin/ld
lt_cv_path_LDCXX='/sbin/ld -m elf_x86_64'
lt_cv_path_NM='/sbin/nm -B'
lt_cv_path_mainfest_tool=no
lt_cv_prog_compiler_c_o=yes
lt_cv_prog_compiler_c_o_CXX=yes
lt_cv_prog_compiler_pic='-fPIC -DPIC'
lt_cv_prog_compiler_pic_CXX='-fPIC -DPIC'
lt_cv_prog_compiler_pic_works=yes
lt_cv_prog_compiler_pic_works_CXX=yes
lt_cv_prog_compiler_rtti_exceptions=no
lt_cv_prog_compiler_static_works=yes
lt_cv_prog_compiler_static_works_CXX=yes
lt_cv_prog_gnu_ld=yes
lt_cv_prog_gnu_ldcxx=yes
lt_cv_sharedlib_from_linklib_cmd='printf %s\n'
lt_cv_shlibpath_overrides_runpath=no
lt_cv_sys_global_symbol_pipe='/sbin/sed -n -e '\''s/^.*[	 ]\([ABCDGIRSTW][ABCDGIRSTW]*\)[	 ][	 ]*\([_A-Za-z][_A-Za-z0-9]*\)$/\1 \2 \2/p'\'' | /sbin/sed '\''/ __gnu_lto/d'\'''
lt_cv_sys_global_symbol_to_c_name_address='/sbin/sed -n -e '\''s/^: \(.*\) .*$/  {"\1", (void *) 0},/p'\'' -e '\''s/^[ABCDGIRSTW][ABCDGIRSTW]* .* \(.*\)$/  {"\1", (void *) \&\1},/p'\'''
lt_cv_sys_global_symbol_to_c_name_address_lib_prefix='/sbin/sed -n -e '\''s/^: \(.*\) .*$/  {"\1", (void *) 0},/p'\'' -e '\''s/^[ABCDGIRSTW][ABCDGIRSTW]* .* \(lib.*\)$/  {"\1", (void *) \&\1},/p'\'' -e '\''s/^[ABCDGIRSTW][ABCDGIRSTW]* .* \(.*\)$/  {"lib\1", (void *) \&\1},/p'\'''
lt_cv_sys_global_symbol_to_cdecl='/sbin/sed -n -e '\''s/^T .* \(.*\)$/extern int \1();/p'\'' -e '\''s/^[ABCDGIRSTW][ABCDGIRSTW]* .* \(.*\)$/extern char \1;/p'\'''
lt_cv_sys_global_symbol_to_import=
lt_cv_sys_max_cmd_len=1572864
lt_cv_to_host_file_cmd=func_convert_file_noop
lt_cv_to_tool_file_cmd=func_convert_file_noop
lt_cv_truncate_bin='/sbin/dd bs=4096 count=1'
pkg_cv_GLU_CFLAGS=
pkg_cv_GLU_LIBS='-lGLU -lOpenGL '
pkg_cv_GL_CFLAGS=
pkg_cv_GL_LIBS='-lGL '
pkg_cv_assimp_CFLAGS=
pkg_cv_assimp_LIBS='-lassimp '
pkg_cv_glew_CFLAGS=
pkg_cv_glew_LIBS='-lGLEW -lEGL -lGL -lGLU -lOpenGL '
pkg_cv_sfml_CFLAGS='-I/usr/include/freetype2 -I/usr/include/libpng16 -I/usr/include/harfbuzz -I/usr/include/glib-2.0 -I/usr/lib/glib-2.0/include -I/usr/include/sysprof-4 -pthread -I/usr/include/AL '
pkg_cv_sfml_LIBS='-lsfml-graphics -lsfml-window -lsfml-audio -lsfml-network -lsfml-system '

## ----------------- ##
## Output variables. ##
## ----------------- ##

ACLOCAL='${SHELL} '\''/home/adam/Plonk/missing'\'' aclocal-1.16'
AMDEPBACKSLASH='\'
AMDEP_FALSE='#'
AMDEP_TRUE=''
AMTAR='$${TAR-tar}'
AM_BACKSLASH='\'
AM_DEFAULT_V='$(AM_DEFAULT_VERBOSITY)'
AM_DEFAULT_VERBOSITY='1'
AM_V='$(V)'
AR='ar'
AUTOCONF='${SHELL} '\''/home/adam/Plonk/missing'\'' autoconf'
AUTOHEADER='${SHELL} '\''/home/adam/Plonk/missing'\'' autoheader'
AUTOMAKE='${SHELL} '\''/home/adam/Plonk/missing'\'' automake-1.16'
AWK='gawk'
CC='gcc'
CCDEPMODE='depmode=gcc3'
CFLAGS='   -g -O2'
CPPFLAGS=''
CSCOPE='cscope'
CTAGS='ctags'
CXX='g++'
CXXCPP='g++ -E'
CXXDEPMODE='depmode=gcc3'
CXXFLAGS='-g -O2'
CYGPATH_W='echo'
DEFS='-DPACKAGE_NAME=\"plonk\" -DPACKAGE_TARNAME=\"plonk\" -DPACKAGE_VERSION=\"1.00\" -DPACKAGE_STRING=\"plonk\ 1.00\" -DPACKAGE_BUGREPORT=\"aj_barber@yahoo.com.au\" -DPACKAGE_URL=\"\" -DPACKAGE=\"plonk\" -DVERSION=\"1.0\" -DHAVE_STDIO_H=1 -DHAVE_STDLIB_H=1 -DHAVE_STRING_H=1 -DHAVE_INTTYPES_H=1 -DHAVE_STDINT_H=1 -DHAVE_STRINGS_H=1 -DHAVE_SYS_STAT_H=1 -DHAVE_SYS_TYPES_H=1 -DHAVE_UNISTD_H=1 -DSTDC_HEADERS=1 -DHAVE_DLFCN_H=1 -DLT_OBJDIR=\".libs/\" -DHAVE_GL_GL_H=1 -DHAVE_GL=1 -DHAVE_GL_GLU_H=1 -DHAVE_GLU=1 -DHAVE_GL_GLUT_H=1 -DHAVE_GLUT=1 -DHAVE_GLEW=1'
DEPDIR='.deps'
DLLTOOL='false'
DSYMUTIL=''
DUMPBIN=''
ECHO_C=''
ECHO_N='-n'
ECHO_T=''
EGREP='/sbin/grep -E'
ETAGS='etags'
EXEEXT=''
FGREP='/sbin/grep -F'
FILECMD='file'
GLUT_CFLAGS=''
GLUT_LIBS='-lglut'
GLU_CFLAGS=''
GLU_LIBS='-lGLU -lOpenGL '
GL_CFLAGS=''
GL_LIBS='-lGL '
GREP='/sbin/grep'
INSTALL_DATA='${INSTALL} -m 644'
INSTALL_PROGRAM='${INSTALL}'
INSTALL_SCRIPT='${INSTALL}'
INSTALL_STRIP_PROGRAM='$(install_sh) -c -s'
LD='/sbin/ld -m elf_x86_64'
LDFLAGS=''
LIBOBJS=''
LIBS='-lglut -lGLU -lOpenGL  -lGL    -lsfml-graphics -lsfml-window -lsfml-audio -lsfml-network -lsfml-system  -lGLEW -lEGL -lGL -lGLU -lOpenGL  -lassimp '
LIBTOOL='$(SHELL) $(top_builddir)/libtool'
LIPO=''
LN_S='ln -s'
LTLIBOBJS=''
LT_SYS_LIBRARY_PATH=''
MAKEINFO='${SHELL} '\''/home/adam/Plonk/missing'\'' makeinfo'
MANIFEST_TOOL=':'
MKDIR_P='/sbin/mkdir -p'
NM='/sbin/nm -B'
NMEDIT=''
OBJDUMP='objdump'
OBJEXT='o'
OTOOL64=''
OTOOL=''
PACKAGE='plonk'
PACKAGE_BUGREPORT='aj_barber@yahoo.com.au'
PACKAGE_NAME='plonk'
PACKAGE_STRING='plonk 1.00'
PACKAGE_TARNAME='plonk'
PACKAGE_URL=''
PACKAGE_VERSION='1.00'
PATH_SEPARATOR=':'
PKG_CONFIG='/sbin/pkg-config'
PKG_CONFIG_LIBDIR=''
PKG_CONFIG_PATH=''
RANLIB='ranlib'
SED='/sbin/sed'
SET_MAKE=''
SHELL='/bin/sh'
STRIP='strip'
VERSION='1.0'
ac_ct_AR='ar'
ac_ct_CC='gcc'
ac_ct_CXX='g++'
ac_ct_DUMPBIN=''
am__EXEEXT_FALSE=''
am__EXEEXT_TRUE='#'
am__fastdepCC_FALSE='#'
am__fastdepCC_TRUE=''
am__fastdepCXX_FALSE='#'
am__fastdepCXX_TRUE=''
am__include='include'
am__isrc=''
am__leading_dot='.'
am__nodep='_no'
am__quote=''
am__tar='$${TAR-tar} chof - "$$tardir"'
am__untar='$${TAR-tar} xf -'
assimp_CFLAGS=''
assimp_LIBS='-lassimp '
bindir='${exec_prefix}/bin'
build='x86_64-pc-linux-gnu'
build_alias=''
build_cpu='x86_64'
build_os='linux-gnu'
build_vendor='pc'
datadir='${datarootdir}'
datarootdir='${prefix}/share'
docdir='${datarootdir}/doc/${PACKAGE_TARNAME}'
dvidir='${docdir}'
exec_prefix='${prefix}'
glew_CFLAGS=''
glew_LIBS='-lGLEW -lEGL -lGL -lGLU -lOpenGL '
glm_CFLAGS=''
glm_LIBS=''
host='x86_64-pc-linux-gnu'
host_alias=''
host_cpu='x86_64'
host_os='linux-gnu'
host_vendor='pc'
htmldir='${docdir}'
includedir='${prefix}/include'
infodir='${datarootdir}/info'
install_sh='${SHELL} /home/adam/Plonk/install-sh'
libdir='${exec_prefix}/lib'
libexecdir='${exec_prefix}/libexec'
libpng_CFLAGS=''
libpng_LIBS=''
libsoil_CFLAGS=''
libsoil_LIBS=''
localedir='${datarootdir}/locale'
localstatedir='${prefix}/var'
mandir='${datarootdir}/man'
mkdir_p='$(MKDIR_P)'
oldincludedir='/usr/include'
pdfdir='${docdir}'
prefix='/usr/local'
program_transform_name='s,x,x,'
psdir='${docdir}'
runstatedir='${localstatedir}/run'
sbindir='${exec_prefix}/sbin'
sfml_CFLAGS='-I/usr/include/freetype2 -I/usr/include/libpng16 -I/usr/include/harfbuzz -I/usr/include/glib-2.0 -I/usr/lib/glib-2.0/include -I/usr/include/sysprof-4 -pthread -I/usr/include/AL '
sfml_LIBS='-lsfml-graphics -lsfml-window -lsfml-audio -lsfml-network -lsfml-system '
sharedstatedir='${prefix}/com'
sysconfdir='${prefix}/etc'
target_alias=''

## ----------- ##
## confdefs.h. ##
## ----------- ##

/* confdefs.h */
#define PACKAGE_NAME "plonk"
#define PACKAGE_TARNAME "plonk"
#define PACKAGE_VERSION "1.00"
#define PACKAGE_STRING "plonk 1.00"
#define PACKAGE_BUGREPORT "aj_barber@yahoo.com.au"
#define PACKAGE_URL ""
#define PACKAGE "plonk"
#define VERSION "1.0"
#define HAVE_STDIO_H 1
#define HAVE_STDLIB_H 1
#define HAVE_STRING_H 1
#define HAVE_INTTYPES_H 1
#define HAVE_STDINT_H 1
#define HAVE_STRINGS_H 1
#define HAVE_SYS_STAT_H 1
#define HAVE_SYS_TYPES_H 1
#define HAVE_UNISTD_H 1
#define STDC_HEADERS 1
#define HAVE_DLFCN_H 1
#define LT_OBJDIR ".libs/"
#define HAVE_GL_GL_H 1
#define HAVE_GL 1
#define HAVE_GL_GLU_H 1
#define HAVE_GLU 1
#define HAVE_GL_GLUT_H 1
#define HAVE_GLUT 1
#define HAVE_GLEW 1

configure: exit 0

## ---------------------- ##
## Running config.status. ##
## ---------------------- ##

This file was extended by plonk config.status 1.00, which was
generated by GNU Autoconf 2.71.  Invocation command line was

  CONFIG_FILES    = 
  CONFIG_HEADERS  = 
  CONFIG_LINKS    = 
  CONFIG_COMMANDS = 
  $ ./config.status 

on archlinux

config.status:1092: creating Makefile
config.status:1092: creating src/Makefile
config.status:1092: creating lib/soil/src/Makefile
config.status:1264: executing depfiles commands
config.status:1341: cd src       && sed -e '/# am--include-marker/d' Makefile         | make -f - am--depfiles
make[1]: Entering directory '/home/adam/Plonk/src'
make[1]: Nothing to be done for 'am--depfiles'.
make[1]: Leaving directory '/home/adam/Plonk/src'
config.status:1346: $? = 0
config.status:1341: cd lib/soil/src       && sed -e '/# am--include-marker/d' Makefile         | make -f - am--depfiles
make[1]: Entering directory '/home/adam/Plonk/lib/soil/src'
make[1]: Nothing to be done for 'am--depfiles'.
make[1]: Leaving directory '/home/adam/Plonk/lib/soil/src'
config.status:1346: $? = 0
config.status:1264: executing libtool commands
